Using pre-set license
Built from '2020.3/staging' branch; Version is '2020.3.11f1 (99c7afb366b3) revision 10078127'; Using compiler version '192528614'; Build Type 'Release'
OS: 'Windows 10 Pro; OS build 19043.1052; Version 2009; 64bit' Language: 'ko' Physical Memory: 32676 MB
BatchMode: 1, IsHumanControllingUs: 0, StartBugReporterOnCrash: 0, Is64bit: 1, IsPro: 0

 COMMAND LINE ARGUMENTS:
E:\Unity\2020.3.11f1\Editor\Unity.exe
-adb2
-batchMode
-noUpm
-name
AssetImportWorker0
-projectPath
C:/UnityProject/MyOwn/JumpJump
-logFile
Logs/AssetImportWorker0.log
-srvPort
8992
Successfully changed project path to: C:/UnityProject/MyOwn/JumpJump
C:/UnityProject/MyOwn/JumpJump
Using Asset Import Pipeline V2.
Refreshing native plugins compatible for Editor in 30.09 ms, found 3 plugins.
Preloading 0 native plugins for Editor in 0.00 ms.
Initialize engine version: 2020.3.11f1 (99c7afb366b3)
[Subsystems] Discovering subsystems at path E:/Unity/2020.3.11f1/Editor/Data/Resources/UnitySubsystems
[Subsystems] Discovering subsystems at path C:/UnityProject/MyOwn/JumpJump/Assets
GfxDevice: creating device client; threaded=0
Direct3D:
    Version:  Direct3D 11.0 [level 11.1]
    Renderer: NVIDIA GeForce GTX 1060 3GB (ID=0x1b84)
    Vendor:   
    VRAM:     2988 MB
    Driver:   27.21.14.5671
Initialize mono
Mono path[0] = 'E:/Unity/2020.3.11f1/Editor/Data/Managed'
Mono path[1] = 'E:/Unity/2020.3.11f1/Editor/Data/MonoBleedingEdge/lib/mono/unityjit'
Mono config path = 'E:/Unity/2020.3.11f1/Editor/Data/MonoBleedingEdge/etc'
Using monoOptions --debugger-agent=transport=dt_socket,embedding=1,server=y,suspend=n,address=127.0.0.1:56624
Begin MonoManager ReloadAssembly
Registering precompiled unity dll's ...
Register platform support module: E:/Unity/2020.3.11f1/Editor/Data/PlaybackEngines/WebGLSupport/UnityEditor.WebGL.Extensions.dll
Register platform support module: E:/Unity/2020.3.11f1/Editor/Data/PlaybackEngines/WindowsStandaloneSupport/UnityEditor.WindowsStandalone.Extensions.dll
Registered in 0.000809 seconds.
Native extension for WindowsStandalone target not found
Native extension for WebGL target not found
Refreshing native plugins compatible for Editor in 27.92 ms, found 3 plugins.
Preloading 0 native plugins for Editor in 0.00 ms.
Mono: successfully reloaded assembly
- Completed reload, in  0.996 seconds
Platform modules already initialized, skipping
Registering precompiled user dll's ...
Registered in 0.002703 seconds.
Begin MonoManager ReloadAssembly
Native extension for WindowsStandalone target not found
Native extension for WebGL target not found
Refreshing native plugins compatible for Editor in 27.19 ms, found 3 plugins.
Preloading 0 native plugins for Editor in 0.00 ms.
Mono: successfully reloaded assembly
- Completed reload, in  0.659 seconds
Platform modules already initialized, skipping
========================================================================
Worker process is ready to serve import requests
Launched and connected shader compiler UnityShaderCompiler.exe after 0.03 seconds
Refreshing native plugins compatible for Editor in 0.42 ms, found 3 plugins.
Preloading 0 native plugins for Editor in 0.00 ms.
Unloading 2082 Unused Serialized files (Serialized files now loaded: 0)
System memory in use before: 92.7 MB.
System memory in use after: 92.8 MB.

Unloading 28 unused Assets to reduce memory usage. Loaded Objects now: 2520.
Total: 1.895400 ms (FindLiveObjects: 0.168100 ms CreateObjectMapping: 0.046100 ms MarkObjects: 1.633100 ms  DeleteObjects: 0.047500 ms)

========================================================================
Received Import Request.
  path: Assets/Brick_Wall_00.prefab
  artifactKey: Guid(6eb47febaf8dd3f40b2c95247f50460f) Importer(815301076,1909f56bfc062723c751e8b465ee728b)
Start importing Assets/Brick_Wall_00.prefab using Guid(6eb47febaf8dd3f40b2c95247f50460f) Importer(815301076,1909f56bfc062723c751e8b465ee728b)  -> (artifact id: '882e83329bc447aa5d3a84acdcdb60f1') in 0.076220 seconds
  Import took 0.078755 seconds .

========================================================================
Received Import Request.
  Time since last request: 152.466486 seconds.
  path: Assets/Scenes
  artifactKey: Guid(39cd351887bf4474cadec5986be5fc11) Importer(815301076,1909f56bfc062723c751e8b465ee728b)
Start importing Assets/Scenes using Guid(39cd351887bf4474cadec5986be5fc11) Importer(815301076,1909f56bfc062723c751e8b465ee728b)  -> (artifact id: 'c2a6a6eef5c3fe8d06122f9b62eb2418') in 0.001492 seconds
  Import took 0.003759 seconds .

========================================================================
Received Import Request.
  Time since last request: 0.048797 seconds.
  path: Assets/Scenes
  artifactKey: Guid(39cd351887bf4474cadec5986be5fc11) Importer(815301076,1909f56bfc062723c751e8b465ee728b)
Start importing Assets/Scenes using Guid(39cd351887bf4474cadec5986be5fc11) Importer(815301076,1909f56bfc062723c751e8b465ee728b)  -> (artifact id: 'c2a6a6eef5c3fe8d06122f9b62eb2418') in 0.001180 seconds
  Import took 0.002833 seconds .

========================================================================
Received Import Request.
  Time since last request: 0.884982 seconds.
  path: Assets/Scenes/Main.unity
  artifactKey: Guid(40f46b0841bd373428608f20972b4485) Importer(815301076,1909f56bfc062723c751e8b465ee728b)
Start importing Assets/Scenes/Main.unity using Guid(40f46b0841bd373428608f20972b4485) Importer(815301076,1909f56bfc062723c751e8b465ee728b)  -> (artifact id: 'f77f4fa1892bdeba1894895bc3d54d5f') in 0.001768 seconds
  Import took 0.004035 seconds .

========================================================================
Received Prepare
Registering precompiled user dll's ...
Registered in 0.003215 seconds.
Begin MonoManager ReloadAssembly
Native extension for WindowsStandalone target not found
Native extension for WebGL target not found
Refreshing native plugins compatible for Editor in 0.42 ms, found 3 plugins.
Preloading 0 native plugins for Editor in 0.00 ms.
Mono: successfully reloaded assembly
- Completed reload, in  0.666 seconds
Platform modules already initialized, skipping
Refreshing native plugins compatible for Editor in 0.34 ms, found 3 plugins.
Preloading 0 native plugins for Editor in 0.00 ms.
Unloading 2072 Unused Serialized files (Serialized files now loaded: 0)
System memory in use before: 95.2 MB.
System memory in use after: 95.3 MB.

Unloading 16 unused Assets to reduce memory usage. Loaded Objects now: 2531.
Total: 1.789800 ms (FindLiveObjects: 0.156700 ms CreateObjectMapping: 0.044100 ms MarkObjects: 1.575600 ms  DeleteObjects: 0.012600 ms)

========================================================================
Received Import Request.
  Time since last request: 50.301412 seconds.
  path: Assets/MoveCam.cs
  artifactKey: Guid(882ed44d495abb847a41f5f64203257b) Importer(815301076,1909f56bfc062723c751e8b465ee728b)
Start importing Assets/MoveCam.cs using Guid(882ed44d495abb847a41f5f64203257b) Importer(815301076,1909f56bfc062723c751e8b465ee728b)  -> (artifact id: '9efcdb05510a243de7ba79e0dacd0b67') in 0.008377 seconds
  Import took 0.010807 seconds .

========================================================================
Received Import Request.
  Time since last request: 0.158264 seconds.
  path: Assets/MoveCam.cs
  artifactKey: Guid(882ed44d495abb847a41f5f64203257b) Importer(815301076,1909f56bfc062723c751e8b465ee728b)
Start importing Assets/MoveCam.cs using Guid(882ed44d495abb847a41f5f64203257b) Importer(815301076,1909f56bfc062723c751e8b465ee728b)  -> (artifact id: '9efcdb05510a243de7ba79e0dacd0b67') in 0.001360 seconds
  Import took 0.003693 seconds .

========================================================================
Received Import Request.
  Time since last request: 1.796624 seconds.
  path: Assets
  artifactKey: Guid(00000000000000001000000000000000) Importer(815301076,1909f56bfc062723c751e8b465ee728b)
Start importing Assets using Guid(00000000000000001000000000000000) Importer(815301076,1909f56bfc062723c751e8b465ee728b)  -> (artifact id: '42d402b061de3733987d63b9cc3b64de') in 0.001511 seconds
  Import took 0.004031 seconds .

========================================================================
Received Import Request.
  Time since last request: 4.792848 seconds.
  path: Assets/Scrip
  artifactKey: Guid(d2b0e8397d6e7b74d9077c28416e6e91) Importer(815301076,1909f56bfc062723c751e8b465ee728b)
Start importing Assets/Scrip using Guid(d2b0e8397d6e7b74d9077c28416e6e91) Importer(815301076,1909f56bfc062723c751e8b465ee728b)  -> (artifact id: '0b3efee64415357b63301725f6dcfdac') in 0.001634 seconds
  Import took 0.004057 seconds .

========================================================================
Received Import Request.
  Time since last request: 1.073055 seconds.
  path: Assets/Player.cs
  artifactKey: Guid(4856b7beeb9b3a94db1d0f0568a395c9) Importer(815301076,1909f56bfc062723c751e8b465ee728b)
Start importing Assets/Player.cs using Guid(4856b7beeb9b3a94db1d0f0568a395c9) Importer(815301076,1909f56bfc062723c751e8b465ee728b)  -> (artifact id: 'acdc6f9a1f5cba503db642b6d354cfc1') in 0.001572 seconds
  Import took 0.004039 seconds .

========================================================================
Received Import Request.
  Time since last request: 0.001613 seconds.
  path: Assets/Player.cs
  artifactKey: Guid(4856b7beeb9b3a94db1d0f0568a395c9) Importer(815301076,1909f56bfc062723c751e8b465ee728b)
Start importing Assets/Player.cs using Guid(4856b7beeb9b3a94db1d0f0568a395c9) Importer(815301076,1909f56bfc062723c751e8b465ee728b)  -> (artifact id: 'acdc6f9a1f5cba503db642b6d354cfc1') in 0.001239 seconds
  Import took 0.003044 seconds .

========================================================================
Received Prepare
Registering precompiled user dll's ...
Registered in 0.002595 seconds.
Begin MonoManager ReloadAssembly
Native extension for WindowsStandalone target not found
Native extension for WebGL target not found
Refreshing native plugins compatible for Editor in 0.49 ms, found 3 plugins.
Preloading 0 native plugins for Editor in 0.00 ms.
Mono: successfully reloaded assembly
- Completed reload, in  0.627 seconds
Platform modules already initialized, skipping
Refreshing native plugins compatible for Editor in 0.35 ms, found 3 plugins.
Preloading 0 native plugins for Editor in 0.00 ms.
Unloading 2072 Unused Serialized files (Serialized files now loaded: 0)
System memory in use before: 95.2 MB.
System memory in use after: 95.3 MB.

Unloading 16 unused Assets to reduce memory usage. Loaded Objects now: 2535.
Total: 1.791400 ms (FindLiveObjects: 0.130400 ms CreateObjectMapping: 0.044700 ms MarkObjects: 1.602200 ms  DeleteObjects: 0.013300 ms)

========================================================================
Received Prepare
Registering precompiled user dll's ...
Registered in 0.002606 seconds.
Begin MonoManager ReloadAssembly
Native extension for WindowsStandalone target not found
Native extension for WebGL target not found
Refreshing native plugins compatible for Editor in 0.41 ms, found 3 plugins.
Preloading 0 native plugins for Editor in 0.00 ms.
Mono: successfully reloaded assembly
- Completed reload, in  0.595 seconds
Platform modules already initialized, skipping
Refreshing native plugins compatible for Editor in 0.33 ms, found 3 plugins.
Preloading 0 native plugins for Editor in 0.00 ms.
Unloading 2072 Unused Serialized files (Serialized files now loaded: 0)
System memory in use before: 95.2 MB.
System memory in use after: 95.3 MB.

Unloading 16 unused Assets to reduce memory usage. Loaded Objects now: 2539.
Total: 1.667300 ms (FindLiveObjects: 0.121800 ms CreateObjectMapping: 0.038900 ms MarkObjects: 1.492500 ms  DeleteObjects: 0.013700 ms)

AssetImportWorkerClient::OnTransportError - code=2 error=End of file
